<?xml version="1.0" encoding="UTF-8"?>
<!-- Generated by org.testng.reporters.JUnitXMLReporter -->
<testsuite hostname="SangMike-PC" name="Run on Chrome" tests="3" failures="1" timestamp="15 Apr 2017 13:58:38 GMT" time="41.465" errors="0">
  <testcase name="TC_01_CreateNewCustomerAccountAndGetID" time="17.859" classname="com.guru.testcases.LoginTest">
    <failure type="java.lang.AssertionError" message="Layout test failed">
      <![CDATA[java.lang.AssertionError: Layout test failed
	at common.AbstractPage.checkUIpage(AbstractPage.java:82)
	at demoGuruPages.HomePage.checkUI(HomePage.java:22)
	at com.guru.testcases.LoginTest.TC_01_CreateNewCustomerAccountAndGetID(LoginTest.java:88)
... Removed 25 stack frames]]>
    </failure>
  </testcase> <!-- TC_01_CreateNewCustomerAccountAndGetID -->
  <testcase name="TC_03_AddNewAccountAndGetAccountID" time="6.02" classname="com.guru.testcases.LoginTest"/>
  <testcase name="TC_04_TransferMoneyIntoCurrentAccount" time="8.165" classname="com.guru.testcases.LoginTest"/>
</testsuite> <!-- Run on Chrome -->
