<?xml version="1.0" encoding="UTF-8"?>
<testsuite xmlns:xsi="http://www.w3.org/2001/XMLSchema-instance" xsi:schemaLocation="https://maven.apache.org/surefire/maven-surefire-plugin/xsd/surefire-test-report.xsd" name="TestSuite" time="42.156" tests="3" errors="0" skipped="0" failures="1">
  <properties>
[...]
</properties>
  <testcase name="TC_01_CreateNewCustomerAccountAndGetID" classname="com.guru.testcases.LoginTest" time="17.513">
    <failure message="Layout test failed" type="java.lang.AssertionError">java.lang.AssertionError: Layout test failed
	at com.guru.testcases.LoginTest.TC_01_CreateNewCustomerAccountAndGetID(LoginTest.java:88)
</failure>
    <system-out><![CDATA[TC_04_TransferMoneyIntoCurrentAccount is running
TC_03_AddNewAccountAndGetAccountID is running
TC_01_CreateNewCustomerAccountAndGetID is running
2017-04-15 22:23:29,381 INFO  LoginTest - Pre-condition - Step 01: Login to HomePage
2017-04-15 22:23:32,670 INFO  LoginTest - Check UI Home Page
2017-04-15 22:23:34,829 INFO  LoginTest - TC_01 - Step 01: Go to New Customer Page
2017-04-15 22:23:36,226 INFO  LoginTest - TC_01 - Check UI New Customer Page
2017-04-15 22:23:37,159 INFO  LoginTest - TC_01 - Step 02: Input 'CUSTOMER NAME'
2017-04-15 22:23:38,374 INFO  LoginTest - TC_01 - Step 03: Choose 'GENDER'
2017-04-15 22:23:39,508 INFO  LoginTest - TC_01 - Step 04: Input 'DATE OF BIRTH'
2017-04-15 22:23:40,678 INFO  LoginTest - TC_01 - Step 05: Input 'ADDRESS'
2017-04-15 22:23:41,861 INFO  LoginTest - TC_01 - Step 06: Input 'CITY'
2017-04-15 22:23:43,013 INFO  LoginTest - TC_01 - Step 07: Input 'STATE'
2017-04-15 22:23:44,187 INFO  LoginTest - TC_01 - Step 08: Input 'PIN'
2017-04-15 22:23:45,339 INFO  LoginTest - TC_01 - Step 09: Input 'MOBILE'
2017-04-15 22:23:46,507 INFO  LoginTest - TC_01 - Step 10: Input 'EMAIL'
2017-04-15 22:23:47,724 INFO  LoginTest - TC_01 - Step 11: Input 'PASSWORD'
2017-04-15 22:23:48,884 INFO  LoginTest - TC_01 - Step 12: Click 'SUBMIT' button
2017-04-15 22:23:49,995 INFO  LoginTest - TC_01 - Step 13: Get value 'CUSTOMER ID'
2017-04-15 22:23:50,096 INFO  LoginTest - TC_01 - Step 14: Verify message displayed
2017-04-15 22:23:50,166 INFO  LoginTest - ==Verify condition is PASSED==
]]></system-out>
    <system-err><![CDATA[Starting ChromeDriver 2.28.455520 (cc17746adff54984afff480136733114c6b3704b) on port 45280
Only local connections are allowed.
]]></system-err>
  </testcase>
  <testcase name="TC_03_AddNewAccountAndGetAccountID" classname="com.guru.testcases.LoginTest" time="5.92"/>
  <testcase name="TC_04_TransferMoneyIntoCurrentAccount" classname="com.guru.testcases.LoginTest" time="8.171"/>
</testsuite>