-------------------------------------------------------------------------------
Test set: TestSuite
-------------------------------------------------------------------------------
Tests run: 3, Failures: 3, Errors: 0, Skipped: 0, Time elapsed: 13.728 sec <<< FAILURE! - in TestSuite
TC_01_CreateNewCustomerAccountAndGetID(com.guru.testcases.LoginTest)  Time elapsed: 2.55 sec  <<< FAILURE!
java.lang.AssertionError: Layout test failed
	at com.guru.testcases.LoginTest.TC_01_CreateNewCustomerAccountAndGetID(LoginTest.java:82)

TC_03_AddNewAccountAndGetAccountID(com.guru.testcases.LoginTest)  Time elapsed: 0.016 sec  <<< FAILURE!
java.lang.NullPointerException
	at com.guru.testcases.LoginTest.TC_03_AddNewAccountAndGetAccountID(LoginTest.java:178)

TC_04_TransferMoneyIntoCurrentAccount(com.guru.testcases.LoginTest)  Time elapsed: 0.014 sec  <<< FAILURE!
java.lang.NullPointerException
	at com.guru.testcases.LoginTest.TC_04_TransferMoneyIntoCurrentAccount(LoginTest.java:208)

