<?xml version="1.0" encoding="UTF-8"?>
<testng-results skipped="0" failed="1" total="3" passed="2">
  <reporter-output>
    <line>
      <![CDATA[2017-04-15 20:58:01,825 INFO  LoginTest - Pre-condition - Step 01: Login to HomePage
]]>
    </line>
    <line>
      <![CDATA[2017-04-15 20:58:05,284 INFO  LoginTest - Check UI Home Page
]]>
    </line>
    <line>
      <![CDATA[2017-04-15 20:58:07,469 INFO  LoginTest - TC_01 - Step 01: Go to New Customer Page
]]>
    </line>
    <line>
      <![CDATA[2017-04-15 20:58:08,863 INFO  LoginTest - TC_01 - Check UI New Customer Page
]]>
    </line>
    <line>
      <![CDATA[2017-04-15 20:58:09,896 INFO  LoginTest - TC_01 - Step 02: Input 'CUSTOMER NAME'
]]>
    </line>
    <line>
      <![CDATA[2017-04-15 20:58:11,212 INFO  LoginTest - TC_01 - Step 03: Choose 'GENDER'
]]>
    </line>
    <line>
      <![CDATA[2017-04-15 20:58:12,352 INFO  LoginTest - TC_01 - Step 04: Input 'DATE OF BIRTH'
]]>
    </line>
    <line>
      <![CDATA[2017-04-15 20:58:13,534 INFO  LoginTest - TC_01 - Step 05: Input 'ADDRESS'
]]>
    </line>
    <line>
      <![CDATA[2017-04-15 20:58:14,736 INFO  LoginTest - TC_01 - Step 06: Input 'CITY'
]]>
    </line>
    <line>
      <![CDATA[2017-04-15 20:58:15,905 INFO  LoginTest - TC_01 - Step 07: Input 'STATE'
]]>
    </line>
    <line>
      <![CDATA[2017-04-15 20:58:17,076 INFO  LoginTest - TC_01 - Step 08: Input 'PIN'
]]>
    </line>
    <line>
      <![CDATA[2017-04-15 20:58:18,238 INFO  LoginTest - TC_01 - Step 09: Input 'MOBILE'
]]>
    </line>
    <line>
      <![CDATA[2017-04-15 20:58:19,408 INFO  LoginTest - TC_01 - Step 10: Input 'EMAIL'
]]>
    </line>
    <line>
      <![CDATA[2017-04-15 20:58:20,610 INFO  LoginTest - TC_01 - Step 11: Input 'PASSWORD'
]]>
    </line>
    <line>
      <![CDATA[2017-04-15 20:58:21,763 INFO  LoginTest - TC_01 - Step 12: Click 'SUBMIT' button
]]>
    </line>
    <line>
      <![CDATA[2017-04-15 20:58:22,894 INFO  LoginTest - TC_01 - Step 13: Get value 'CUSTOMER ID'
]]>
    </line>
    <line>
      <![CDATA[2017-04-15 20:58:23,070 INFO  LoginTest - TC_01 - Step 14: Verify message displayed
]]>
    </line>
    <line>
      <![CDATA[2017-04-15 20:58:23,138 INFO  LoginTest - ==Verify condition is PASSED==
]]>
    </line>
    <line>
      <![CDATA[2017-04-15 20:58:23,164 INFO  LoginTest - Running TC_03: Add new account and check created successfully, then verify 'Current Amount' and 'Initial Deposit' are equal
]]>
    </line>
    <line>
      <![CDATA[2017-04-15 20:58:23,164 INFO  LoginTest - TC_03 - Step 01: Go to New Account Page
]]>
    </line>
    <line>
      <![CDATA[2017-04-15 20:58:25,612 INFO  LoginTest - TC_03 - Step 02: Input 'CUSTOMER NAME'
]]>
    </line>
    <line>
      <![CDATA[2017-04-15 20:58:26,762 INFO  LoginTest - TC_03 - Step 03: Select 'CUSTOMER NAME'
]]>
    </line>
    <line>
      <![CDATA[2017-04-15 20:58:26,908 INFO  LoginTest - TC_03 - Step 04: Input 'INITIAL DEPOSIT'
]]>
    </line>
    <line>
      <![CDATA[2017-04-15 20:58:28,064 INFO  LoginTest - TC_03 - Step 05: Click 'SUBMIT' button
]]>
    </line>
    <line>
      <![CDATA[2017-04-15 20:58:28,941 INFO  LoginTest - TC_03 - Step 06: Verify message displays with content 'Account Generated Successfully!!!'
]]>
    </line>
    <line>
      <![CDATA[2017-04-15 20:58:29,007 INFO  LoginTest - ==Verify condition is PASSED==
]]>
    </line>
    <line>
      <![CDATA[2017-04-15 20:58:29,007 INFO  LoginTest - TC_03 - Step 07: Get value 'ACCOUNT ID'
]]>
    </line>
    <line>
      <![CDATA[2017-04-15 20:58:29,100 INFO  LoginTest - TC_03 - Step 08: Verify 'CURRENT AMOUNT' and 'INITIAL DEPOSIT' are equal
]]>
    </line>
    <line>
      <![CDATA[2017-04-15 20:58:29,183 INFO  LoginTest - ==Verify condition is PASSED==
]]>
    </line>
    <line>
      <![CDATA[2017-04-15 20:58:29,204 INFO  LoginTest - Running TC_04: Transfer money into a current account and check account balance equal 55,000
]]>
    </line>
    <line>
      <![CDATA[2017-04-15 20:58:29,204 INFO  LoginTest - TC_04 - Step 01: Go to Deposite Page
]]>
    </line>
    <line>
      <![CDATA[2017-04-15 20:58:31,791 INFO  LoginTest - TC_04 - Step 02: Input 'ACCOUNT NUMBER'
]]>
    </line>
    <line>
      <![CDATA[2017-04-15 20:58:33,946 INFO  LoginTest - TC_04 - Step 03: Input 'AMOUNT'
]]>
    </line>
    <line>
      <![CDATA[2017-04-15 20:58:35,131 INFO  LoginTest - TC_04 - Step 04: Input 'DESCRIPTION'
]]>
    </line>
    <line>
      <![CDATA[2017-04-15 20:58:36,282 INFO  LoginTest - TC_04 - Step 05: Click 'SUBMIT' button
]]>
    </line>
    <line>
      <![CDATA[2017-04-15 20:58:37,121 INFO  LoginTest - TC_04 - Step 06: Verify message displays
]]>
    </line>
    <line>
      <![CDATA[2017-04-15 20:58:37,174 INFO  LoginTest - ==Verify condition is PASSED==
]]>
    </line>
    <line>
      <![CDATA[2017-04-15 20:58:37,174 INFO  LoginTest - TC_04 - Step 07: Verify 'AMOUNT CREDITED' equal 5,000
]]>
    </line>
    <line>
      <![CDATA[2017-04-15 20:58:37,269 INFO  LoginTest - ==Verify condition is PASSED==
]]>
    </line>
    <line>
      <![CDATA[2017-04-15 20:58:37,269 INFO  LoginTest - TC_04 - Step 08: Verify 'CURRENT BALANCE' equal 55,000
]]>
    </line>
    <line>
      <![CDATA[2017-04-15 20:58:37,369 INFO  LoginTest - ==Verify condition is PASSED==
]]>
    </line>
  </reporter-output>
  <suite name="Suite" duration-ms="41465" started-at="2017-04-15T13:57:57Z" finished-at="2017-04-15T13:58:38Z">
    <groups>
    </groups>
    <test name="Run on Chrome" duration-ms="41465" started-at="2017-04-15T13:57:57Z" finished-at="2017-04-15T13:58:38Z">
      <class name="com.guru.testcases.LoginTest">
        <test-method status="PASS" signature="setup(java.lang.String)[pri:0, instance:com.guru.testcases.LoginTest@5677323c]" name="setup" is-config="true" duration-ms="8156" started-at="2017-04-15T20:57:57Z" finished-at="2017-04-15T20:58:05Z">
          <params>
            <param index="0">
              <value>
                <![CDATA[Chrome]]>
              </value>
            </param>
          </params>
          <reporter-output>
            <line>
              <![CDATA[2017-04-15 20:58:01,825 INFO  LoginTest - Pre-condition - Step 01: Login to HomePage
]]>
            </line>
          </reporter-output>
        </test-method> <!-- setup -->
        <test-method status="FAIL" signature="TC_01_CreateNewCustomerAccountAndGetID()[pri:0, instance:com.guru.testcases.LoginTest@5677323c]" name="TC_01_CreateNewCustomerAccountAndGetID" duration-ms="17859" started-at="2017-04-15T20:58:05Z" finished-at="2017-04-15T20:58:23Z">
          <exception class="java.lang.AssertionError">
            <message>
              <![CDATA[Layout test failed]]>
            </message>
            <full-stacktrace>
              <![CDATA[java.lang.AssertionError: Layout test failed
	at org.testng.Assert.fail(Assert.java:94)
	at common.AbstractPage.checkUIpage(AbstractPage.java:82)
	at demoGuruPages.HomePage.checkUI(HomePage.java:22)
	at com.guru.testcases.LoginTest.TC_01_CreateNewCustomerAccountAndGetID(LoginTest.java:88)
	at sun.reflect.NativeMethodAccessorImpl.invoke0(Native Method)
	at sun.reflect.NativeMethodAccessorImpl.invoke(NativeMethodAccessorImpl.java:62)
	at sun.reflect.DelegatingMethodAccessorImpl.invoke(DelegatingMethodAccessorImpl.java:43)
	at java.lang.reflect.Method.invoke(Method.java:498)
	at org.testng.internal.MethodInvocationHelper.invokeMethod(MethodInvocationHelper.java:80)
	at org.testng.internal.Invoker.invokeMethod(Invoker.java:714)
	at org.testng.internal.Invoker.invokeTestMethod(Invoker.java:901)
	at org.testng.internal.Invoker.invokeTestMethods(Invoker.java:1231)
	at org.testng.internal.TestMethodWorker.invokeTestMethods(TestMethodWorker.java:127)
	at org.testng.internal.TestMethodWorker.run(TestMethodWorker.java:111)
	at org.testng.TestRunner.privateRun(TestRunner.java:767)
	at org.testng.TestRunner.run(TestRunner.java:617)
	at org.testng.SuiteRunner.runTest(SuiteRunner.java:334)
	at org.testng.SuiteRunner.runSequentially(SuiteRunner.java:329)
	at org.testng.SuiteRunner.privateRun(SuiteRunner.java:291)
	at org.testng.SuiteRunner.run(SuiteRunner.java:240)
	at org.testng.SuiteRunnerWorker.runSuite(SuiteRunnerWorker.java:52)
	at org.testng.SuiteRunnerWorker.run(SuiteRunnerWorker.java:86)
	at org.testng.TestNG.runSuitesSequentially(TestNG.java:1198)
	at org.testng.TestNG.runSuitesLocally(TestNG.java:1123)
	at org.testng.TestNG.run(TestNG.java:1031)
	at org.testng.remote.AbstractRemoteTestNG.run(AbstractRemoteTestNG.java:132)
	at org.testng.remote.RemoteTestNG.initAndRun(RemoteTestNG.java:230)
	at org.testng.remote.RemoteTestNG.main(RemoteTestNG.java:76)
]]>
            </full-stacktrace>
          </exception> <!-- java.lang.AssertionError -->
          <reporter-output>
            <line>
              <![CDATA[2017-04-15 20:58:05,284 INFO  LoginTest - Check UI Home Page
]]>
            </line>
            <line>
              <![CDATA[2017-04-15 20:58:07,469 INFO  LoginTest - TC_01 - Step 01: Go to New Customer Page
]]>
            </line>
            <line>
              <![CDATA[2017-04-15 20:58:08,863 INFO  LoginTest - TC_01 - Check UI New Customer Page
]]>
            </line>
            <line>
              <![CDATA[2017-04-15 20:58:09,896 INFO  LoginTest - TC_01 - Step 02: Input 'CUSTOMER NAME'
]]>
            </line>
            <line>
              <![CDATA[2017-04-15 20:58:11,212 INFO  LoginTest - TC_01 - Step 03: Choose 'GENDER'
]]>
            </line>
            <line>
              <![CDATA[2017-04-15 20:58:12,352 INFO  LoginTest - TC_01 - Step 04: Input 'DATE OF BIRTH'
]]>
            </line>
            <line>
              <![CDATA[2017-04-15 20:58:13,534 INFO  LoginTest - TC_01 - Step 05: Input 'ADDRESS'
]]>
            </line>
            <line>
              <![CDATA[2017-04-15 20:58:14,736 INFO  LoginTest - TC_01 - Step 06: Input 'CITY'
]]>
            </line>
            <line>
              <![CDATA[2017-04-15 20:58:15,905 INFO  LoginTest - TC_01 - Step 07: Input 'STATE'
]]>
            </line>
            <line>
              <![CDATA[2017-04-15 20:58:17,076 INFO  LoginTest - TC_01 - Step 08: Input 'PIN'
]]>
            </line>
            <line>
              <![CDATA[2017-04-15 20:58:18,238 INFO  LoginTest - TC_01 - Step 09: Input 'MOBILE'
]]>
            </line>
            <line>
              <![CDATA[2017-04-15 20:58:19,408 INFO  LoginTest - TC_01 - Step 10: Input 'EMAIL'
]]>
            </line>
            <line>
              <![CDATA[2017-04-15 20:58:20,610 INFO  LoginTest - TC_01 - Step 11: Input 'PASSWORD'
]]>
            </line>
            <line>
              <![CDATA[2017-04-15 20:58:21,763 INFO  LoginTest - TC_01 - Step 12: Click 'SUBMIT' button
]]>
            </line>
            <line>
              <![CDATA[2017-04-15 20:58:22,894 INFO  LoginTest - TC_01 - Step 13: Get value 'CUSTOMER ID'
]]>
            </line>
            <line>
              <![CDATA[2017-04-15 20:58:23,070 INFO  LoginTest - TC_01 - Step 14: Verify message displayed
]]>
            </line>
            <line>
              <![CDATA[2017-04-15 20:58:23,138 INFO  LoginTest - ==Verify condition is PASSED==
]]>
            </line>
          </reporter-output>
        </test-method> <!-- TC_01_CreateNewCustomerAccountAndGetID -->
        <test-method status="PASS" signature="TC_03_AddNewAccountAndGetAccountID()[pri:0, instance:com.guru.testcases.LoginTest@5677323c]" name="TC_03_AddNewAccountAndGetAccountID" duration-ms="6020" started-at="2017-04-15T20:58:23Z" finished-at="2017-04-15T20:58:29Z">
          <reporter-output>
            <line>
              <![CDATA[2017-04-15 20:58:23,164 INFO  LoginTest - Running TC_03: Add new account and check created successfully, then verify 'Current Amount' and 'Initial Deposit' are equal
]]>
            </line>
            <line>
              <![CDATA[2017-04-15 20:58:23,164 INFO  LoginTest - TC_03 - Step 01: Go to New Account Page
]]>
            </line>
            <line>
              <![CDATA[2017-04-15 20:58:25,612 INFO  LoginTest - TC_03 - Step 02: Input 'CUSTOMER NAME'
]]>
            </line>
            <line>
              <![CDATA[2017-04-15 20:58:26,762 INFO  LoginTest - TC_03 - Step 03: Select 'CUSTOMER NAME'
]]>
            </line>
            <line>
              <![CDATA[2017-04-15 20:58:26,908 INFO  LoginTest - TC_03 - Step 04: Input 'INITIAL DEPOSIT'
]]>
            </line>
            <line>
              <![CDATA[2017-04-15 20:58:28,064 INFO  LoginTest - TC_03 - Step 05: Click 'SUBMIT' button
]]>
            </line>
            <line>
              <![CDATA[2017-04-15 20:58:28,941 INFO  LoginTest - TC_03 - Step 06: Verify message displays with content 'Account Generated Successfully!!!'
]]>
            </line>
            <line>
              <![CDATA[2017-04-15 20:58:29,007 INFO  LoginTest - ==Verify condition is PASSED==
]]>
            </line>
            <line>
              <![CDATA[2017-04-15 20:58:29,007 INFO  LoginTest - TC_03 - Step 07: Get value 'ACCOUNT ID'
]]>
            </line>
            <line>
              <![CDATA[2017-04-15 20:58:29,100 INFO  LoginTest - TC_03 - Step 08: Verify 'CURRENT AMOUNT' and 'INITIAL DEPOSIT' are equal
]]>
            </line>
            <line>
              <![CDATA[2017-04-15 20:58:29,183 INFO  LoginTest - ==Verify condition is PASSED==
]]>
            </line>
          </reporter-output>
        </test-method> <!-- TC_03_AddNewAccountAndGetAccountID -->
        <test-method status="PASS" signature="TC_04_TransferMoneyIntoCurrentAccount()[pri:0, instance:com.guru.testcases.LoginTest@5677323c]" name="TC_04_TransferMoneyIntoCurrentAccount" duration-ms="8165" started-at="2017-04-15T20:58:29Z" finished-at="2017-04-15T20:58:37Z">
          <reporter-output>
            <line>
              <![CDATA[2017-04-15 20:58:29,204 INFO  LoginTest - Running TC_04: Transfer money into a current account and check account balance equal 55,000
]]>
            </line>
            <line>
              <![CDATA[2017-04-15 20:58:29,204 INFO  LoginTest - TC_04 - Step 01: Go to Deposite Page
]]>
            </line>
            <line>
              <![CDATA[2017-04-15 20:58:31,791 INFO  LoginTest - TC_04 - Step 02: Input 'ACCOUNT NUMBER'
]]>
            </line>
            <line>
              <![CDATA[2017-04-15 20:58:33,946 INFO  LoginTest - TC_04 - Step 03: Input 'AMOUNT'
]]>
            </line>
            <line>
              <![CDATA[2017-04-15 20:58:35,131 INFO  LoginTest - TC_04 - Step 04: Input 'DESCRIPTION'
]]>
            </line>
            <line>
              <![CDATA[2017-04-15 20:58:36,282 INFO  LoginTest - TC_04 - Step 05: Click 'SUBMIT' button
]]>
            </line>
            <line>
              <![CDATA[2017-04-15 20:58:37,121 INFO  LoginTest - TC_04 - Step 06: Verify message displays
]]>
            </line>
            <line>
              <![CDATA[2017-04-15 20:58:37,174 INFO  LoginTest - ==Verify condition is PASSED==
]]>
            </line>
            <line>
              <![CDATA[2017-04-15 20:58:37,174 INFO  LoginTest - TC_04 - Step 07: Verify 'AMOUNT CREDITED' equal 5,000
]]>
            </line>
            <line>
              <![CDATA[2017-04-15 20:58:37,269 INFO  LoginTest - ==Verify condition is PASSED==
]]>
            </line>
            <line>
              <![CDATA[2017-04-15 20:58:37,269 INFO  LoginTest - TC_04 - Step 08: Verify 'CURRENT BALANCE' equal 55,000
]]>
            </line>
            <line>
              <![CDATA[2017-04-15 20:58:37,369 INFO  LoginTest - ==Verify condition is PASSED==
]]>
            </line>
          </reporter-output>
        </test-method> <!-- TC_04_TransferMoneyIntoCurrentAccount -->
        <test-method status="PASS" signature="setupAfterSuite()[pri:0, instance:com.guru.testcases.LoginTest@5677323c]" name="setupAfterSuite" is-config="true" duration-ms="1195" started-at="2017-04-15T20:58:37Z" finished-at="2017-04-15T20:58:38Z">
          <reporter-output>
          </reporter-output>
        </test-method> <!-- setupAfterSuite -->
      </class> <!-- com.guru.testcases.LoginTest -->
    </test> <!-- Run on Chrome -->
  </suite> <!-- Suite -->
</testng-results>
