<?xml version="1.0" encoding="UTF-8"?>
<testng-results skipped="0" failed="1" total="3" passed="2">
  <reporter-output>
    <line>
      <![CDATA[2017-04-18 23:41:51,894 INFO  LoginTest - Pre-condition - Step 01: Login to HomePage
]]>
    </line>
    <line>
      <![CDATA[2017-04-18 23:41:55,577 INFO  LoginTest - Check UI Home Page
]]>
    </line>
    <line>
      <![CDATA[2017-04-18 23:41:57,717 INFO  LoginTest - TC_01 - Step 01: Go to New Customer Page
]]>
    </line>
    <line>
      <![CDATA[2017-04-18 23:41:59,116 INFO  LoginTest - TC_01 - Check UI New Customer Page
]]>
    </line>
    <line>
      <![CDATA[2017-04-18 23:42:00,062 INFO  LoginTest - TC_01 - Step 02: Input 'CUSTOMER NAME'
]]>
    </line>
    <line>
      <![CDATA[2017-04-18 23:42:01,252 INFO  LoginTest - TC_01 - Step 03: Choose 'GENDER'
]]>
    </line>
    <line>
      <![CDATA[2017-04-18 23:42:02,378 INFO  LoginTest - TC_01 - Step 04: Input 'DATE OF BIRTH'
]]>
    </line>
    <line>
      <![CDATA[2017-04-18 23:42:03,550 INFO  LoginTest - TC_01 - Step 05: Input 'ADDRESS'
]]>
    </line>
    <line>
      <![CDATA[2017-04-18 23:42:04,742 INFO  LoginTest - TC_01 - Step 06: Input 'CITY'
]]>
    </line>
    <line>
      <![CDATA[2017-04-18 23:42:05,906 INFO  LoginTest - TC_01 - Step 07: Input 'STATE'
]]>
    </line>
    <line>
      <![CDATA[2017-04-18 23:42:07,070 INFO  LoginTest - TC_01 - Step 08: Input 'PIN'
]]>
    </line>
    <line>
      <![CDATA[2017-04-18 23:42:08,223 INFO  LoginTest - TC_01 - Step 09: Input 'MOBILE'
]]>
    </line>
    <line>
      <![CDATA[2017-04-18 23:42:09,379 INFO  LoginTest - TC_01 - Step 10: Input 'EMAIL'
]]>
    </line>
    <line>
      <![CDATA[2017-04-18 23:42:10,595 INFO  LoginTest - TC_01 - Step 11: Input 'PASSWORD'
]]>
    </line>
    <line>
      <![CDATA[2017-04-18 23:42:11,749 INFO  LoginTest - TC_01 - Step 12: Click 'SUBMIT' button
]]>
    </line>
    <line>
      <![CDATA[2017-04-18 23:42:12,889 INFO  LoginTest - TC_01 - Step 13: Get value 'CUSTOMER ID'
]]>
    </line>
    <line>
      <![CDATA[2017-04-18 23:42:12,991 INFO  LoginTest - TC_01 - Step 14: Verify message displayed
]]>
    </line>
    <line>
      <![CDATA[2017-04-18 23:42:13,057 INFO  LoginTest - ==Verify condition is PASSED==
]]>
    </line>
    <line>
      <![CDATA[2017-04-18 23:42:13,073 INFO  LoginTest - Running TC_03: Add new account and check created successfully, then verify 'Current Amount' and 'Initial Deposit' are equal
]]>
    </line>
    <line>
      <![CDATA[2017-04-18 23:42:13,073 INFO  LoginTest - TC_03 - Step 01: Go to New Account Page
]]>
    </line>
    <line>
      <![CDATA[2017-04-18 23:42:15,471 INFO  LoginTest - TC_03 - Step 02: Input 'CUSTOMER NAME'
]]>
    </line>
    <line>
      <![CDATA[2017-04-18 23:42:16,616 INFO  LoginTest - TC_03 - Step 03: Select 'CUSTOMER NAME'
]]>
    </line>
    <line>
      <![CDATA[2017-04-18 23:42:16,758 INFO  LoginTest - TC_03 - Step 04: Input 'INITIAL DEPOSIT'
]]>
    </line>
    <line>
      <![CDATA[2017-04-18 23:42:17,898 INFO  LoginTest - TC_03 - Step 05: Click 'SUBMIT' button
]]>
    </line>
    <line>
      <![CDATA[2017-04-18 23:42:18,771 INFO  LoginTest - TC_03 - Step 06: Verify message displays with content 'Account Generated Successfully!!!'
]]>
    </line>
    <line>
      <![CDATA[2017-04-18 23:42:18,836 INFO  LoginTest - ==Verify condition is PASSED==
]]>
    </line>
    <line>
      <![CDATA[2017-04-18 23:42:18,836 INFO  LoginTest - TC_03 - Step 07: Get value 'ACCOUNT ID'
]]>
    </line>
    <line>
      <![CDATA[2017-04-18 23:42:18,928 INFO  LoginTest - TC_03 - Step 08: Verify 'CURRENT AMOUNT' and 'INITIAL DEPOSIT' are equal
]]>
    </line>
    <line>
      <![CDATA[2017-04-18 23:42:19,017 INFO  LoginTest - ==Verify condition is PASSED==
]]>
    </line>
    <line>
      <![CDATA[2017-04-18 23:42:19,020 INFO  LoginTest - Running TC_04: Transfer money into a current account and check account balance equal 55,000
]]>
    </line>
    <line>
      <![CDATA[2017-04-18 23:42:19,020 INFO  LoginTest - TC_04 - Step 01: Go to Deposite Page
]]>
    </line>
    <line>
      <![CDATA[2017-04-18 23:42:21,605 INFO  LoginTest - TC_04 - Step 02: Input 'ACCOUNT NUMBER'
]]>
    </line>
    <line>
      <![CDATA[2017-04-18 23:42:23,749 INFO  LoginTest - TC_04 - Step 03: Input 'AMOUNT'
]]>
    </line>
    <line>
      <![CDATA[2017-04-18 23:42:24,891 INFO  LoginTest - TC_04 - Step 04: Input 'DESCRIPTION'
]]>
    </line>
    <line>
      <![CDATA[2017-04-18 23:42:26,041 INFO  LoginTest - TC_04 - Step 05: Click 'SUBMIT' button
]]>
    </line>
    <line>
      <![CDATA[2017-04-18 23:42:26,658 INFO  LoginTest - TC_04 - Step 06: Verify message displays
]]>
    </line>
    <line>
      <![CDATA[2017-04-18 23:42:26,723 INFO  LoginTest - ==Verify condition is PASSED==
]]>
    </line>
    <line>
      <![CDATA[2017-04-18 23:42:26,723 INFO  LoginTest - TC_04 - Step 07: Verify 'AMOUNT CREDITED' equal 5,000
]]>
    </line>
    <line>
      <![CDATA[2017-04-18 23:42:26,816 INFO  LoginTest - ==Verify condition is PASSED==
]]>
    </line>
    <line>
      <![CDATA[2017-04-18 23:42:26,816 INFO  LoginTest - TC_04 - Step 08: Verify 'CURRENT BALANCE' equal 55,000
]]>
    </line>
    <line>
      <![CDATA[2017-04-18 23:42:26,910 INFO  LoginTest - ==Verify condition is PASSED==
]]>
    </line>
  </reporter-output>
  <suite name="Suite" duration-ms="40989" started-at="2017-04-18T16:41:47Z" finished-at="2017-04-18T16:42:28Z">
    <groups>
    </groups>
    <test name="Run on Chrome" duration-ms="40989" started-at="2017-04-18T16:41:47Z" finished-at="2017-04-18T16:42:28Z">
      <class name="com.guru.testcases.LoginTest">
        <test-method status="PASS" signature="setup(java.lang.String)[pri:0, instance:com.guru.testcases.LoginTest@4145bad8]" name="setup" is-config="true" duration-ms="8426" started-at="2017-04-18T23:41:47Z" finished-at="2017-04-18T23:41:55Z">
          <params>
            <param index="0">
              <value>
                <![CDATA[Chrome]]>
              </value>
            </param>
          </params>
          <reporter-output>
            <line>
              <![CDATA[2017-04-18 23:41:51,894 INFO  LoginTest - Pre-condition - Step 01: Login to HomePage
]]>
            </line>
          </reporter-output>
        </test-method> <!-- setup -->
        <test-method status="FAIL" signature="TC_01_CreateNewCustomerAccountAndGetID()[pri:0, instance:com.guru.testcases.LoginTest@4145bad8]" name="TC_01_CreateNewCustomerAccountAndGetID" duration-ms="17485" started-at="2017-04-18T23:41:55Z" finished-at="2017-04-18T23:42:13Z">
          <exception class="java.lang.AssertionError">
            <message>
              <![CDATA[Layout test failed]]>
            </message>
            <full-stacktrace>
              <![CDATA[java.lang.AssertionError: Layout test failed
	at org.testng.Assert.fail(Assert.java:94)
	at common.AbstractPage.checkUIpage(AbstractPage.java:82)
	at demoGuruPages.HomePage.checkUI(HomePage.java:22)
	at com.guru.testcases.LoginTest.TC_01_CreateNewCustomerAccountAndGetID(LoginTest.java:88)
	at sun.reflect.NativeMethodAccessorImpl.invoke0(Native Method)
	at sun.reflect.NativeMethodAccessorImpl.invoke(NativeMethodAccessorImpl.java:62)
	at sun.reflect.DelegatingMethodAccessorImpl.invoke(DelegatingMethodAccessorImpl.java:43)
	at java.lang.reflect.Method.invoke(Method.java:498)
	at org.testng.internal.MethodInvocationHelper.invokeMethod(MethodInvocationHelper.java:80)
	at org.testng.internal.Invoker.invokeMethod(Invoker.java:714)
	at org.testng.internal.Invoker.invokeTestMethod(Invoker.java:901)
	at org.testng.internal.Invoker.invokeTestMethods(Invoker.java:1231)
	at org.testng.internal.TestMethodWorker.invokeTestMethods(TestMethodWorker.java:127)
	at org.testng.internal.TestMethodWorker.run(TestMethodWorker.java:111)
	at org.testng.TestRunner.privateRun(TestRunner.java:767)
	at org.testng.TestRunner.run(TestRunner.java:617)
	at org.testng.SuiteRunner.runTest(SuiteRunner.java:334)
	at org.testng.SuiteRunner.runSequentially(SuiteRunner.java:329)
	at org.testng.SuiteRunner.privateRun(SuiteRunner.java:291)
	at org.testng.SuiteRunner.run(SuiteRunner.java:240)
	at org.testng.SuiteRunnerWorker.runSuite(SuiteRunnerWorker.java:52)
	at org.testng.SuiteRunnerWorker.run(SuiteRunnerWorker.java:86)
	at org.testng.TestNG.runSuitesSequentially(TestNG.java:1198)
	at org.testng.TestNG.runSuitesLocally(TestNG.java:1123)
	at org.testng.TestNG.run(TestNG.java:1031)
	at org.testng.remote.AbstractRemoteTestNG.run(AbstractRemoteTestNG.java:132)
	at org.testng.remote.RemoteTestNG.initAndRun(RemoteTestNG.java:230)
	at org.testng.remote.RemoteTestNG.main(RemoteTestNG.java:76)
]]>
            </full-stacktrace>
          </exception> <!-- java.lang.AssertionError -->
          <reporter-output>
            <line>
              <![CDATA[2017-04-18 23:41:55,577 INFO  LoginTest - Check UI Home Page
]]>
            </line>
            <line>
              <![CDATA[2017-04-18 23:41:57,717 INFO  LoginTest - TC_01 - Step 01: Go to New Customer Page
]]>
            </line>
            <line>
              <![CDATA[2017-04-18 23:41:59,116 INFO  LoginTest - TC_01 - Check UI New Customer Page
]]>
            </line>
            <line>
              <![CDATA[2017-04-18 23:42:00,062 INFO  LoginTest - TC_01 - Step 02: Input 'CUSTOMER NAME'
]]>
            </line>
            <line>
              <![CDATA[2017-04-18 23:42:01,252 INFO  LoginTest - TC_01 - Step 03: Choose 'GENDER'
]]>
            </line>
            <line>
              <![CDATA[2017-04-18 23:42:02,378 INFO  LoginTest - TC_01 - Step 04: Input 'DATE OF BIRTH'
]]>
            </line>
            <line>
              <![CDATA[2017-04-18 23:42:03,550 INFO  LoginTest - TC_01 - Step 05: Input 'ADDRESS'
]]>
            </line>
            <line>
              <![CDATA[2017-04-18 23:42:04,742 INFO  LoginTest - TC_01 - Step 06: Input 'CITY'
]]>
            </line>
            <line>
              <![CDATA[2017-04-18 23:42:05,906 INFO  LoginTest - TC_01 - Step 07: Input 'STATE'
]]>
            </line>
            <line>
              <![CDATA[2017-04-18 23:42:07,070 INFO  LoginTest - TC_01 - Step 08: Input 'PIN'
]]>
            </line>
            <line>
              <![CDATA[2017-04-18 23:42:08,223 INFO  LoginTest - TC_01 - Step 09: Input 'MOBILE'
]]>
            </line>
            <line>
              <![CDATA[2017-04-18 23:42:09,379 INFO  LoginTest - TC_01 - Step 10: Input 'EMAIL'
]]>
            </line>
            <line>
              <![CDATA[2017-04-18 23:42:10,595 INFO  LoginTest - TC_01 - Step 11: Input 'PASSWORD'
]]>
            </line>
            <line>
              <![CDATA[2017-04-18 23:42:11,749 INFO  LoginTest - TC_01 - Step 12: Click 'SUBMIT' button
]]>
            </line>
            <line>
              <![CDATA[2017-04-18 23:42:12,889 INFO  LoginTest - TC_01 - Step 13: Get value 'CUSTOMER ID'
]]>
            </line>
            <line>
              <![CDATA[2017-04-18 23:42:12,991 INFO  LoginTest - TC_01 - Step 14: Verify message displayed
]]>
            </line>
            <line>
              <![CDATA[2017-04-18 23:42:13,057 INFO  LoginTest - ==Verify condition is PASSED==
]]>
            </line>
          </reporter-output>
        </test-method> <!-- TC_01_CreateNewCustomerAccountAndGetID -->
        <test-method status="PASS" signature="TC_03_AddNewAccountAndGetAccountID()[pri:0, instance:com.guru.testcases.LoginTest@4145bad8]" name="TC_03_AddNewAccountAndGetAccountID" duration-ms="5946" started-at="2017-04-18T23:42:13Z" finished-at="2017-04-18T23:42:19Z">
          <reporter-output>
            <line>
              <![CDATA[2017-04-18 23:42:13,073 INFO  LoginTest - Running TC_03: Add new account and check created successfully, then verify 'Current Amount' and 'Initial Deposit' are equal
]]>
            </line>
            <line>
              <![CDATA[2017-04-18 23:42:13,073 INFO  LoginTest - TC_03 - Step 01: Go to New Account Page
]]>
            </line>
            <line>
              <![CDATA[2017-04-18 23:42:15,471 INFO  LoginTest - TC_03 - Step 02: Input 'CUSTOMER NAME'
]]>
            </line>
            <line>
              <![CDATA[2017-04-18 23:42:16,616 INFO  LoginTest - TC_03 - Step 03: Select 'CUSTOMER NAME'
]]>
            </line>
            <line>
              <![CDATA[2017-04-18 23:42:16,758 INFO  LoginTest - TC_03 - Step 04: Input 'INITIAL DEPOSIT'
]]>
            </line>
            <line>
              <![CDATA[2017-04-18 23:42:17,898 INFO  LoginTest - TC_03 - Step 05: Click 'SUBMIT' button
]]>
            </line>
            <line>
              <![CDATA[2017-04-18 23:42:18,771 INFO  LoginTest - TC_03 - Step 06: Verify message displays with content 'Account Generated Successfully!!!'
]]>
            </line>
            <line>
              <![CDATA[2017-04-18 23:42:18,836 INFO  LoginTest - ==Verify condition is PASSED==
]]>
            </line>
            <line>
              <![CDATA[2017-04-18 23:42:18,836 INFO  LoginTest - TC_03 - Step 07: Get value 'ACCOUNT ID'
]]>
            </line>
            <line>
              <![CDATA[2017-04-18 23:42:18,928 INFO  LoginTest - TC_03 - Step 08: Verify 'CURRENT AMOUNT' and 'INITIAL DEPOSIT' are equal
]]>
            </line>
            <line>
              <![CDATA[2017-04-18 23:42:19,017 INFO  LoginTest - ==Verify condition is PASSED==
]]>
            </line>
          </reporter-output>
        </test-method> <!-- TC_03_AddNewAccountAndGetAccountID -->
        <test-method status="PASS" signature="TC_04_TransferMoneyIntoCurrentAccount()[pri:0, instance:com.guru.testcases.LoginTest@4145bad8]" name="TC_04_TransferMoneyIntoCurrentAccount" duration-ms="7891" started-at="2017-04-18T23:42:19Z" finished-at="2017-04-18T23:42:26Z">
          <reporter-output>
            <line>
              <![CDATA[2017-04-18 23:42:19,020 INFO  LoginTest - Running TC_04: Transfer money into a current account and check account balance equal 55,000
]]>
            </line>
            <line>
              <![CDATA[2017-04-18 23:42:19,020 INFO  LoginTest - TC_04 - Step 01: Go to Deposite Page
]]>
            </line>
            <line>
              <![CDATA[2017-04-18 23:42:21,605 INFO  LoginTest - TC_04 - Step 02: Input 'ACCOUNT NUMBER'
]]>
            </line>
            <line>
              <![CDATA[2017-04-18 23:42:23,749 INFO  LoginTest - TC_04 - Step 03: Input 'AMOUNT'
]]>
            </line>
            <line>
              <![CDATA[2017-04-18 23:42:24,891 INFO  LoginTest - TC_04 - Step 04: Input 'DESCRIPTION'
]]>
            </line>
            <line>
              <![CDATA[2017-04-18 23:42:26,041 INFO  LoginTest - TC_04 - Step 05: Click 'SUBMIT' button
]]>
            </line>
            <line>
              <![CDATA[2017-04-18 23:42:26,658 INFO  LoginTest - TC_04 - Step 06: Verify message displays
]]>
            </line>
            <line>
              <![CDATA[2017-04-18 23:42:26,723 INFO  LoginTest - ==Verify condition is PASSED==
]]>
            </line>
            <line>
              <![CDATA[2017-04-18 23:42:26,723 INFO  LoginTest - TC_04 - Step 07: Verify 'AMOUNT CREDITED' equal 5,000
]]>
            </line>
            <line>
              <![CDATA[2017-04-18 23:42:26,816 INFO  LoginTest - ==Verify condition is PASSED==
]]>
            </line>
            <line>
              <![CDATA[2017-04-18 23:42:26,816 INFO  LoginTest - TC_04 - Step 08: Verify 'CURRENT BALANCE' equal 55,000
]]>
            </line>
            <line>
              <![CDATA[2017-04-18 23:42:26,910 INFO  LoginTest - ==Verify condition is PASSED==
]]>
            </line>
          </reporter-output>
        </test-method> <!-- TC_04_TransferMoneyIntoCurrentAccount -->
        <test-method status="PASS" signature="setupAfterSuite()[pri:0, instance:com.guru.testcases.LoginTest@4145bad8]" name="setupAfterSuite" is-config="true" duration-ms="1212" started-at="2017-04-18T23:42:26Z" finished-at="2017-04-18T23:42:28Z">
          <reporter-output>
          </reporter-output>
        </test-method> <!-- setupAfterSuite -->
      </class> <!-- com.guru.testcases.LoginTest -->
    </test> <!-- Run on Chrome -->
  </suite> <!-- Suite -->
</testng-results>
